0 info it worked if it ends with ok
1 verbose cli [ 'node', '/usr/local/bin/npm', 'install', '-g', 'ember-cli' ]
2 info using npm@1.4.26
3 info using node@v0.10.30
4 verbose node symlink /usr/local/bin/node
5 verbose cache add [ 'ember-cli', null ]
6 verbose cache add name=undefined spec="ember-cli" args=["ember-cli",null]
7 verbose parsed url { protocol: null,
7 verbose parsed url   slashes: null,
7 verbose parsed url   auth: null,
7 verbose parsed url   host: null,
7 verbose parsed url   port: null,
7 verbose parsed url   hostname: null,
7 verbose parsed url   hash: null,
7 verbose parsed url   search: null,
7 verbose parsed url   query: null,
7 verbose parsed url   pathname: 'ember-cli',
7 verbose parsed url   path: 'ember-cli',
7 verbose parsed url   href: 'ember-cli' }
8 silly lockFile 63e15bd3-ember-cli ember-cli
9 verbose lock ember-cli /Volumes/Storage/Users/iheanyi/.npm/63e15bd3-ember-cli.lock
10 silly lockFile 63e15bd3-ember-cli ember-cli
11 silly lockFile 63e15bd3-ember-cli ember-cli
12 verbose addNamed [ 'ember-cli', '' ]
13 verbose addNamed [ null, '*' ]
14 silly lockFile 1645c26a-ember-cli ember-cli@
15 verbose lock ember-cli@ /Volumes/Storage/Users/iheanyi/.npm/1645c26a-ember-cli.lock
16 silly addNameRange { name: 'ember-cli', range: '*', hasData: false }
17 verbose request where is /ember-cli
18 verbose request registry https://registry.npmjs.org/
19 verbose request id a4dbfd254bdab839
20 verbose url raw /ember-cli
21 verbose url resolving [ 'https://registry.npmjs.org/', './ember-cli' ]
22 verbose url resolved https://registry.npmjs.org/ember-cli
23 verbose request where is https://registry.npmjs.org/ember-cli
24 info trying registry request attempt 1 at 21:33:32
25 verbose etag "2WB2L2HJDJDLE7JG1X1H1RICC"
26 http GET https://registry.npmjs.org/ember-cli
27 http 200 https://registry.npmjs.org/ember-cli
28 silly registry.get cb [ 200,
28 silly registry.get   { date: 'Sun, 19 Oct 2014 01:33:33 GMT',
28 silly registry.get     server: 'CouchDB/1.5.0 (Erlang OTP/R16B03)',
28 silly registry.get     etag: '"3TEP5OOO8MQFM5258JMJEJ4UY"',
28 silly registry.get     'content-type': 'application/json',
28 silly registry.get     'cache-control': 'max-age=60',
28 silly registry.get     'content-length': '122476',
28 silly registry.get     'accept-ranges': 'bytes',
28 silly registry.get     via: '1.1 varnish',
28 silly registry.get     age: '0',
28 silly registry.get     'x-served-by': 'cache-iad2133-IAD',
28 silly registry.get     'x-cache': 'HIT',
28 silly registry.get     'x-cache-hits': '1',
28 silly registry.get     'x-timer': 'S1413682413.367346,VS0,VE84',
28 silly registry.get     vary: 'Accept',
28 silly registry.get     'keep-alive': 'timeout=10, max=50',
28 silly registry.get     connection: 'Keep-Alive' } ]
29 silly addNameRange number 2 { name: 'ember-cli', range: '*', hasData: true }
30 silly addNameRange versions [ 'ember-cli',
30 silly addNameRange   [ '0.0.0',
30 silly addNameRange     '0.0.1',
30 silly addNameRange     '0.0.2',
30 silly addNameRange     '0.0.3',
30 silly addNameRange     '0.0.4',
30 silly addNameRange     '0.0.5',
30 silly addNameRange     '0.0.6',
30 silly addNameRange     '0.0.7',
30 silly addNameRange     '0.0.8',
30 silly addNameRange     '0.0.9',
30 silly addNameRange     '0.0.10',
30 silly addNameRange     '0.0.11',
30 silly addNameRange     '0.0.12',
30 silly addNameRange     '0.0.13',
30 silly addNameRange     '0.0.14',
30 silly addNameRange     '0.0.15',
30 silly addNameRange     '0.0.16',
30 silly addNameRange     '0.0.18',
30 silly addNameRange     '0.0.19',
30 silly addNameRange     '0.0.20',
30 silly addNameRange     '0.0.21',
30 silly addNameRange     '0.0.22',
30 silly addNameRange     '0.0.23',
30 silly addNameRange     '0.0.24',
30 silly addNameRange     '0.0.25',
30 silly addNameRange     '0.0.27',
30 silly addNameRange     '0.0.28',
30 silly addNameRange     '0.0.29',
30 silly addNameRange     '0.0.32',
30 silly addNameRange     '0.0.33',
30 silly addNameRange     '0.0.34',
30 silly addNameRange     '0.0.35',
30 silly addNameRange     '0.0.36',
30 silly addNameRange     '0.0.37',
30 silly addNameRange     '0.0.38',
30 silly addNameRange     '0.0.39',
30 silly addNameRange     '0.0.40',
30 silly addNameRange     '0.0.41',
30 silly addNameRange     '0.0.42',
30 silly addNameRange     '0.0.43',
30 silly addNameRange     '0.0.44',
30 silly addNameRange     '0.0.45',
30 silly addNameRange     '0.0.46',
30 silly addNameRange     '0.0.47',
30 silly addNameRange     '0.1.0',
30 silly addNameRange     '0.1.1',
30 silly addNameRange     '0.1.2' ] ]
31 verbose addNamed [ 'ember-cli', '0.1.2' ]
32 verbose addNamed [ '0.1.2', '0.1.2' ]
33 silly lockFile 7fac91fc-ember-cli-0-1-2 ember-cli@0.1.2
34 verbose lock ember-cli@0.1.2 /Volumes/Storage/Users/iheanyi/.npm/7fac91fc-ember-cli-0-1-2.lock
35 silly lockFile 0e31f9e0-rg-ember-cli-ember-cli-0-1-2-tgz https://registry.npmjs.org/ember-cli/-/ember-cli-0.1.2.tgz
36 verbose lock https://registry.npmjs.org/ember-cli/-/ember-cli-0.1.2.tgz /Volumes/Storage/Users/iheanyi/.npm/0e31f9e0-rg-ember-cli-ember-cli-0-1-2-tgz.lock
37 verbose addRemoteTarball [ 'https://registry.npmjs.org/ember-cli/-/ember-cli-0.1.2.tgz',
37 verbose addRemoteTarball   'af99d31d0a2cd7caadb26685be58cee78a47bbc9' ]
38 info retry fetch attempt 1 at 21:33:33
39 verbose fetch to= /var/folders/bg/p1wntnhj0hq7k1s0ftjnq6_40000gn/T/npm-92467-ADqJYFT9/registry.npmjs.org/ember-cli/-/ember-cli-0.1.2.tgz
40 http GET https://registry.npmjs.org/ember-cli/-/ember-cli-0.1.2.tgz
41 http 200 https://registry.npmjs.org/ember-cli/-/ember-cli-0.1.2.tgz
42 silly lockFile 0e31f9e0-rg-ember-cli-ember-cli-0-1-2-tgz https://registry.npmjs.org/ember-cli/-/ember-cli-0.1.2.tgz
43 silly lockFile 0e31f9e0-rg-ember-cli-ember-cli-0-1-2-tgz https://registry.npmjs.org/ember-cli/-/ember-cli-0.1.2.tgz
44 silly lockFile 7fac91fc-ember-cli-0-1-2 ember-cli@0.1.2
45 silly lockFile 7fac91fc-ember-cli-0-1-2 ember-cli@0.1.2
46 silly lockFile 1645c26a-ember-cli ember-cli@
47 silly lockFile 1645c26a-ember-cli ember-cli@
48 silly resolved [ { name: 'ember-cli',
48 silly resolved     version: '0.1.2',
48 silly resolved     main: 'lib/cli/index.js',
48 silly resolved     description: 'Command line tool for developing ambitious ember.js apps',
48 silly resolved     trackingCode: 'UA-49225444-1',
48 silly resolved     bin: { ember: './bin/ember' },
48 silly resolved     scripts:
48 silly resolved      { docs: 'node bin/generate-docs.js',
48 silly resolved        test: 'node tests/runner',
48 silly resolved        'test-all': 'node tests/runner all',
48 silly resolved        autotest: 'mocha --watch --reporter spec tests/**/*-test.js' },
48 silly resolved     repository:
48 silly resolved      { type: 'git',
48 silly resolved        url: 'https://github.com/stefanpenner/ember-cli.git' },
48 silly resolved     engines: { node: '>= 0.10.0' },
48 silly resolved     keywords:
48 silly resolved      [ 'ember.js',
48 silly resolved        'ember',
48 silly resolved        'cli',
48 silly resolved        'app',
48 silly resolved        'kit',
48 silly resolved        'app-kit',
48 silly resolved        'ember-app-kit' ],
48 silly resolved     author: { name: 'Ember core team and ember cli contributors' },
48 silly resolved     license: 'MIT',
48 silly resolved     bugs: { url: 'https://github.com/stefanpenner/ember-cli/issues' },
48 silly resolved     dependencies:
48 silly resolved      { abbrev: '^1.0.5',
48 silly resolved        bower: '^1.3.5',
48 silly resolved        'bower-config': '0.5.2',
48 silly resolved        broccoli: '0.13.1',
48 silly resolved        'broccoli-caching-writer': '0.5.1',
48 silly resolved        'broccoli-clean-css': '0.2.0',
48 silly resolved        'broccoli-concat': '0.0.12',
48 silly resolved        'broccoli-es3-safe-recast': '1.0.0',
48 silly resolved        'broccoli-es6-concatenator': '0.1.10',
48 silly resolved        'broccoli-filter': '0.1.7',
48 silly resolved        'broccoli-funnel': '0.1.5',
48 silly resolved        'broccoli-jshint': '0.5.3',
48 silly resolved        'broccoli-kitchen-sink-helpers': '0.2.5',
48 silly resolved        'broccoli-merge-trees': '0.2.1',
48 silly resolved        'broccoli-sane-watcher': '0.0.7',
48 silly resolved        'broccoli-static-compiler': '0.2.1',
48 silly resolved        'broccoli-uglify-js': '0.1.3',
48 silly resolved        'broccoli-unwatched-tree': '0.1.1',
48 silly resolved        'broccoli-writer': '0.1.1',
48 silly resolved        chalk: '0.5.1',
48 silly resolved        'concat-stream': '^1.4.6',
48 silly resolved        configstore: '0.3.1',
48 silly resolved        'core-object': '0.0.2',
48 silly resolved        diff: '^1.0.8',
48 silly resolved        express: '^4.8.5',
48 silly resolved        findup: '0.1.5',
48 silly resolved        'fs-extra': '0.12.0',
48 silly resolved        'git-repo-info': '^1.0.2',
48 silly resolved        glob: '^4.0.5',
48 silly resolved        inflection: '^1.4.0',
48 silly resolved        inquirer: '0.5.1',
48 silly resolved        'js-string-escape': '^1.0.0',
48 silly resolved        leek: '0.0.12',
48 silly resolved        'lodash-node': '^2.4.1',
48 silly resolved        minimatch: '^1.0.0',
48 silly resolved        mkdirp: '0.5.0',
48 silly resolved        morgan: '^1.2.2',
48 silly resolved        ncp: '0.6.0',
48 silly resolved        nopt: '^3.0.1',
48 silly resolved        npm: '^2.0.0',
48 silly resolved        'pleasant-progress': '^1.0.1',
48 silly resolved        'proxy-middleware': '0.6.0',
48 silly resolved        'quick-temp': '0.1.2',
48 silly resolved        readline2: '0.1.0',
48 silly resolved        resolve: '^1.0.0',
48 silly resolved        rimraf: '^2.2.8',
48 silly resolved        rsvp: '^3.0.14',
48 silly resolved        semver: '^4.0.3',
48 silly resolved        'symlink-or-copy': '^1.0.0',
48 silly resolved        temp: '0.8.1',
48 silly resolved        testem: '0.6.22',
48 silly resolved        through: '^2.3.4',
48 silly resolved        'tiny-lr': '0.1.4',
48 silly resolved        'walk-sync': '0.1.3',
48 silly resolved        yam: '0.0.16' },
48 silly resolved     devDependencies:
48 silly resolved      { chai: '^1.9.1',
48 silly resolved        'chai-as-promised': '^4.1.1',
48 silly resolved        mocha: '^1.18.0',
48 silly resolved        'mocha-jshint': '0.0.9',
48 silly resolved        'node-require-timings': '0.0.2',
48 silly resolved        supertest: '0.14.0',
48 silly resolved        'tmp-sync': '^1.0.1',
48 silly resolved        yuidocjs: '0.3.50' },
48 silly resolved     homepage: 'https://github.com/stefanpenner/ember-cli',
48 silly resolved     bundleDependencies:
48 silly resolved      [ 'bower',
48 silly resolved        'bower-config',
48 silly resolved        'broccoli',
48 silly resolved        'broccoli-clean-css',
48 silly resolved        'broccoli-concat',
48 silly resolved        'broccoli-es3-safe-recast',
48 silly resolved        'broccoli-es6-concatenator',
48 silly resolved        'broccoli-filter',
48 silly resolved        'broccoli-funnel',
48 silly resolved        'broccoli-jshint',
48 silly resolved        'broccoli-kitchen-sink-helpers',
48 silly resolved        'broccoli-merge-trees',
48 silly resolved        'broccoli-sane-watcher',
48 silly resolved        'broccoli-static-compiler',
48 silly resolved        'broccoli-uglify-js',
48 silly resolved        'broccoli-unwatched-tree',
48 silly resolved        'chalk',
48 silly resolved        'concat-stream',
48 silly resolved        'configstore',
48 silly resolved        'core-object',
48 silly resolved        'diff',
48 silly resolved        'express',
48 silly resolved        'findup',
48 silly resolved        'fs-extra',
48 silly resolved        'git-repo-info',
48 silly resolved        'glob',
48 silly resolved        'inflection',
48 silly resolved        'inquirer',
48 silly resolved        'leek',
48 silly resolved        'lodash-node',
48 silly resolved        'minimatch',
48 silly resolved        'mkdirp',
48 silly resolved        'morgan',
48 silly resolved        'ncp',
48 silly resolved        'nopt',
48 silly resolved        'npm',
48 silly resolved        'pleasant-progress',
48 silly resolved        'proxy-middleware',
48 silly resolved        'quick-temp',
48 silly resolved        'readline2',
48 silly resolved        'resolve',
48 silly resolved        'rimraf',
48 silly resolved        'rsvp',
48 silly resolved        'semver',
48 silly resolved        'testem',
48 silly resolved        'through',
48 silly resolved        'tiny-lr',
48 silly resolved        'walk-sync' ],
48 silly resolved     _id: 'ember-cli@0.1.2',
48 silly resolved     _shasum: 'af99d31d0a2cd7caadb26685be58cee78a47bbc9',
48 silly resolved     _resolved: 'https://registry.npmjs.org/ember-cli/-/ember-cli-0.1.2.tgz',
48 silly resolved     _from: 'ember-cli@',
48 silly resolved     _npmVersion: '2.0.0-beta.0',
48 silly resolved     _npmUser: { name: 'rwjblue', email: 'robert.w.jackson@me.com' },
48 silly resolved     maintainers: [ [Object], [Object], [Object], [Object] ],
48 silly resolved     dist:
48 silly resolved      { shasum: 'af99d31d0a2cd7caadb26685be58cee78a47bbc9',
48 silly resolved        tarball: 'http://registry.npmjs.org/ember-cli/-/ember-cli-0.1.2.tgz' },
48 silly resolved     directories: {} } ]
49 info install ember-cli@0.1.2 into /usr/local/lib
50 info installOne ember-cli@0.1.2
51 verbose lib/node_modules/ember-cli unbuild
52 info preuninstall ember-cli@0.0.39
53 info uninstall ember-cli@0.0.39
54 verbose true,/usr/local/lib/node_modules,/usr/local/lib/node_modules unbuild ember-cli@0.0.39
55 verbose /usr/local/bin,[object Object] binRoot
56 info postuninstall ember-cli@0.0.39
57 verbose lib/node_modules/ember-cli unbuild
58 info preuninstall ember-cli@0.0.39
59 info uninstall ember-cli@0.0.39
60 verbose true,/usr/local/lib/node_modules,/usr/local/lib/node_modules unbuild ember-cli@0.0.39
61 verbose /usr/local/bin,[object Object] binRoot
62 info postuninstall ember-cli@0.0.39
63 error error rolling back Error: EACCES, unlink '/usr/local/lib/node_modules/ember-cli/.jshintignore'
63 error error rolling back  ember-cli@0.1.2 { [Error: EACCES, unlink '/usr/local/lib/node_modules/ember-cli/.jshintignore']
63 error error rolling back   errno: 3,
63 error error rolling back   code: 'EACCES',
63 error error rolling back   path: '/usr/local/lib/node_modules/ember-cli/.jshintignore' }
64 error Error: EACCES, unlink '/usr/local/lib/node_modules/ember-cli/.jshintignore'
64 error  { [Error: EACCES, unlink '/usr/local/lib/node_modules/ember-cli/.jshintignore']
64 error   errno: 3,
64 error   code: 'EACCES',
64 error   path: '/usr/local/lib/node_modules/ember-cli/.jshintignore' }
65 error Please try running this command again as root/Administrator.
66 error System Darwin 13.4.0
67 error command "node" "/usr/local/bin/npm" "install" "-g" "ember-cli"
68 error cwd /Volumes/Storage/Users/iheanyi/development/programming/ruby/rails_projects/ClassSearch
69 error node -v v0.10.30
70 error npm -v 1.4.26
71 error path /usr/local/lib/node_modules/ember-cli/.jshintignore
72 error code EACCES
73 error errno 3
74 error stack Error: EACCES, unlink '/usr/local/lib/node_modules/ember-cli/.jshintignore'
75 verbose exit [ 3, true ]
